<?xml version='1.0' encoding='UTF-8' ?>
<testsuite name="info.bpace.munchlife.Prova" tests="1" failures="0" errors="0" skipped="0" time="71.567" timestamp="2018-01-09T13:06:02" hostname="localhost">
  <properties>
    <property name="device" value="Nexus_5X_API_21(AVD) - 5.0.2" />
    <property name="flavor" value="" />
    <property name="project" value="app" />
  </properties>
  <testcase name="prova" classname="info.bpace.munchlife.Prova" time="71.454" />
</testsuite>